EDA Netlist Writer report for DE2_115_CAMERA
Thu Apr 09 20:44:47 2015
Quartus II 64-Bit Version 14.1.0 Build 186 12/03/2014 SJ Full Version


---------------------
; Table of Contents ;
---------------------
  1. Legal Notice
  2. EDA Netlist Writer Summary
  3. EDA Netlist Writer Messages



----------------
; Legal Notice ;
----------------
Copyright (C) 1991-2014 Altera Corporation. All rights reserved.
Your use of Altera Corporation's design tools, logic functions 
and other software and tools, and its AMPP partner logic 
functions, and any output files from any of the foregoing 
(including device programming or simulation files), and any 
associated documentation or information are expressly subject 
to the terms and conditions of the Altera Program License 
Subscription Agreement, the Altera Quartus II License Agreement,
the Altera MegaCore Function License Agreement, or other 
applicable license agreement, including, without limitation, 
that your use is for the sole purpose of programming logic 
devices manufactured by Altera and sold by Altera or its 
authorized distributors.  Please refer to the applicable 
agreement for further details.



+----------------------------------------------------------------------------------+
; EDA Netlist Writer Summary                                                       ;
+---------------------------+------------------------------------------------------+
; EDA Netlist Writer Status ; No Output Files Generated - Thu Apr 09 20:44:47 2015 ;
; Revision Name             ; DE2_115_CAMERA                                       ;
; Top-level Entity Name     ; DE2_115_CAMERA                                       ;
; Family                    ; Cyclone IV E                                         ;
+---------------------------+------------------------------------------------------+


+-----------------------------+
; EDA Netlist Writer Messages ;
+-----------------------------+
Info: *******************************************************************
Info: Running Quartus II 64-Bit EDA Netlist Writer
    Info: Version 14.1.0 Build 186 12/03/2014 SJ Full Version
    Info: Processing started: Thu Apr 09 20:44:45 2015
Info: Command: quartus_eda --read_settings_files=on --write_settings_files=off DE2_115_CAMERA -c DE2_115_CAMERA
Warning (199027): Can't generate output files. Specify command-line options to generate output files, or update EDA tool settings using GUI or Tcl script.
Info: Quartus II 64-Bit EDA Netlist Writer was successful. 0 errors, 1 warning
    Info: Peak virtual memory: 523 megabytes
    Info: Processing ended: Thu Apr 09 20:44:47 2015
    Info: Elapsed time: 00:00:02
    Info: Total CPU time (on all processors): 00:00:02


